<?xml version="1.0" encoding="UTF-8"?>
<coverage generated="1515991472">
  <project timestamp="1515991472">
    <package name="Activerules\Nugget">
      <file name="/home/brian/sandbox/nugget/src/Nugget.php">
        <class name="Nugget" namespace="Activerules\Nugget">
          <metrics complexity="10" methods="4" coveredmethods="4" conditionals="0" coveredconditionals="0" statements="16" coveredstatements="16" elements="20" coveredelements="20"/>
        </class>
        <line num="75" type="method" name="__construct" visibility="public" complexity="1" crap="1" count="11"/>
        <line num="77" type="stmt" count="11"/>
        <line num="84" type="method" name="jsonType" visibility="public" complexity="3" crap="3" count="3"/>
        <line num="85" type="stmt" count="3"/>
        <line num="86" type="stmt" count="1"/>
        <line num="89" type="stmt" count="2"/>
        <line num="90" type="stmt" count="2"/>
        <line num="91" type="stmt" count="1"/>
        <line num="94" type="stmt" count="1"/>
        <line num="104" type="method" name="meetsSchema" visibility="public" complexity="2" crap="2" count="6"/>
        <line num="106" type="stmt" count="6"/>
        <line num="108" type="stmt" count="6"/>
        <line num="110" type="stmt" count="6"/>
        <line num="120" type="method" name="limitToSchema" visibility="public" complexity="4" crap="4" count="2"/>
        <line num="122" type="stmt" count="2"/>
        <line num="127" type="stmt" count="2"/>
        <line num="129" type="stmt" count="2"/>
        <line num="130" type="stmt" count="2"/>
        <line num="131" type="stmt" count="2"/>
        <line num="135" type="stmt" count="2"/>
        <metrics loc="139" ncloc="108" classes="1" methods="4" coveredmethods="4" conditionals="0" coveredconditionals="0" statements="16" coveredstatements="16" elements="20" coveredelements="20"/>
      </file>
    </package>
    <package name="Activerules\Nugget\Exceptions">
      <file name="/home/brian/sandbox/nugget/src/exceptions/NuggetException.php">
        <class name="NuggetException" namespace="Activerules\Nugget\Exceptions" fullPackage="Activerules" package="Activerules">
          <metrics complexity="0" methods="0" coveredmethods="0" conditionals="0" coveredconditionals="0" statements="0" coveredstatements="0" elements="0" coveredelements="0"/>
        </class>
        <metrics loc="12" ncloc="8" classes="0" methods="0" coveredmethods="0" conditionals="0" coveredconditionals="0" statements="0" coveredstatements="0" elements="0" coveredelements="0"/>
      </file>
    </package>
    <metrics files="2" loc="151" ncloc="116" classes="1" methods="4" coveredmethods="4" conditionals="0" coveredconditionals="0" statements="16" coveredstatements="16" elements="20" coveredelements="20"/>
  </project>
</coverage>
